  Application.cpp
<<<<<<< Updated upstream
C:\dev\GALINT-MC-Clone\Application\src\Application.cpp(20,10): warning C4067: unexpected tokens following preprocessor directive - expected a newline
C:\dev\GALINT-MC-Clone\Application\src\UserInputs.h(100,13): warning C4244: '=': conversion from 'double' to 'float', possible loss of data
C:\dev\GALINT-MC-Clone\Application\src\UserInputs.h(101,13): warning C4244: '=': conversion from 'double' to 'float', possible loss of data
C:\dev\GALINT-MC-Clone\Application\src\Application.cpp(333,29): warning C4244: '=': conversion from 'double' to 'float', possible loss of data
=======
C:\dev\GALINT-MC-Clone\Application\src\Application.cpp(13,10): warning C4067: unexpected tokens following preprocessor directive - expected a newline
C:\dev\GALINT-MC-Clone\Application\src\player\UserInputs.h(164,14): warning C4244: '=': conversion from 'double' to 'float', possible loss of data
C:\dev\GALINT-MC-Clone\Application\src\player\UserInputs.h(165,14): warning C4244: '=': conversion from 'double' to 'float', possible loss of data
C:\dev\GALINT-MC-Clone\Application\src\gui\Inventory.h(83,23): warning C4018: '<': signed/unsigned mismatch
C:\dev\GALINT-MC-Clone\Application\src\gui\MainMenu.h(42,45): warning C4244: 'argument': conversion from 'int' to 'float', possible loss of data
C:\dev\GALINT-MC-Clone\Application\src\gui\MainMenu.h(42,34): warning C4244: 'argument': conversion from 'int' to 'float', possible loss of data
C:\dev\GALINT-MC-Clone\Application\src\gui\MainMenu.h(43,89): warning C4244: 'argument': conversion from 'int' to 'float', possible loss of data
C:\dev\GALINT-MC-Clone\Application\src\gui\MainMenu.h(43,51): warning C4244: 'argument': conversion from 'int' to 'float', possible loss of data
C:\dev\GALINT-MC-Clone\Application\src\Application.cpp(260,29): warning C4244: '=': conversion from 'double' to 'float', possible loss of data
glew32s.lib(glew.obj) : warning LNK4099: PDB '' was not found with 'glew32s.lib(glew.obj)' or at ''; linking object as if no debug info
     Creating library C:\dev\GALINT-MC-Clone\bin\Win32\Debug\Application.lib and object C:\dev\GALINT-MC-Clone\bin\Win32\Debug\Application.exp
LINK : warning LNK4098: defaultlib 'LIBCMT' conflicts with use of other libs; use /NODEFAULTLIB:library
LINK : warning LNK4098: defaultlib 'MSVCRT' conflicts with use of other libs; use /NODEFAULTLIB:library
>>>>>>> Stashed changes
  Application.vcxproj -> C:\dev\GALINT-MC-Clone\bin\Win32\Debug\Application.exe
