  Application.cpp
C:\Program Files (x86)\Windows Kits\10\Include\10.0.22000.0\shared\minwindef.h(130,1): warning C4005: 'APIENTRY': macro redefinition
C:\dev\GALINT-MC-Clone\Dependencies\GLFW\include\GLFW\glfw3.h(123,1): message : see previous definition of 'APIENTRY'
C:\dev\GALINT-MC-Clone\Application\src\Application.cpp(14,10): warning C4067: unexpected tokens following preprocessor directive - expected a newline
C:\dev\GALINT-MC-Clone\Application\src\player\UserInputs.h(169,14): warning C4244: '=': conversion from 'double' to 'float', possible loss of data
C:\dev\GALINT-MC-Clone\Application\src\player\UserInputs.h(170,14): warning C4244: '=': conversion from 'double' to 'float', possible loss of data
C:\dev\GALINT-MC-Clone\Application\src\gui\Inventory.h(83,23): warning C4018: '<': signed/unsigned mismatch
C:\dev\GALINT-MC-Clone\Application\src\gui\MainMenu.h(42,45): warning C4244: 'argument': conversion from 'int' to 'float', possible loss of data
C:\dev\GALINT-MC-Clone\Application\src\gui\MainMenu.h(42,34): warning C4244: 'argument': conversion from 'int' to 'float', possible loss of data
C:\dev\GALINT-MC-Clone\Application\src\gui\MainMenu.h(43,89): warning C4244: 'argument': conversion from 'int' to 'float', possible loss of data
C:\dev\GALINT-MC-Clone\Application\src\gui\MainMenu.h(43,51): warning C4244: 'argument': conversion from 'int' to 'float', possible loss of data
C:\dev\GALINT-MC-Clone\Application\src\Application.cpp(235,29): warning C4244: '=': conversion from 'double' to 'float', possible loss of data
     Creating library C:\dev\GALINT-MC-Clone\bin\Win32\Release\Application.lib and object C:\dev\GALINT-MC-Clone\bin\Win32\Release\Application.exp
LINK : warning LNK4098: defaultlib 'LIBCMT' conflicts with use of other libs; use /NODEFAULTLIB:library
  Generating code
  1 of 3099 functions (<0.1%) were compiled, the rest were copied from previous compilation.
    0 functions were new in current compilation
    30 functions had inline decision re-evaluated but remain unchanged
  Finished generating code
glew32s.lib(glew.obj) : warning LNK4099: PDB '' was not found with 'glew32s.lib(glew.obj)' or at ''; linking object as if no debug info
  Application.vcxproj -> C:\dev\GALINT-MC-Clone\bin\Win32\Release\Application.exe
